<?xml version="1.0" encoding="UTF-8"?>
<!-- Generated by org.testng.reporters.JUnitXMLReporter -->
<testsuite hostname="DESKTOP-33D7QM7" name="Default test" tests="3" failures="0" timestamp="13 Jan 2021 05:38:40 GMT" time="33.985" errors="0">
  <testcase name="veriftPersonalDetailsLabel" time="0.105" classname="com.HRM.PagesTestCases.MyInfoPageTest"/>
  <testcase name="editPersonalDetails" time="1.704" classname="com.HRM.PagesTestCases.MyInfoPageTest"/>
  <testcase name="clickOnJobTab" time="0.418" classname="com.HRM.PagesTestCases.MyInfoPageTest"/>
</testsuite> <!-- Default test -->
