<?xml version="1.0" encoding="UTF-8"?>
<!-- Generated by org.testng.reporters.JUnitXMLReporter -->
<testsuite hostname="DESKTOP-33D7QM7" name="HRM Test Cases" tests="9" failures="0" timestamp="14 Jan 2021 23:49:55 GMT" time="67.104" errors="0">
  <testcase name="loginPageTitleTest" time="0.02" classname="com.HRM.PagesTestCases.LoginPageTest"/>
  <testcase name="hrmLogoTest" time="0.083" classname="com.HRM.PagesTestCases.LoginPageTest"/>
  <testcase name="loginTest" time="1.283" classname="com.HRM.PagesTestCases.LoginPageTest"/>
  <testcase name="verifyHomePageTitle" time="0.31" classname="com.HRM.PagesTestCases.HomePageTest"/>
  <testcase name="verifyUserName" time="0.065" classname="com.HRM.PagesTestCases.HomePageTest"/>
  <testcase name="verifyMyInfoLink" time="1.003" classname="com.HRM.PagesTestCases.HomePageTest"/>
  <testcase name="verifyPersonalDetailsLabel" time="0.062" classname="com.HRM.PagesTestCases.MyInfoPageTest"/>
  <testcase name="editPersonalDetails" time="1.819" classname="com.HRM.PagesTestCases.MyInfoPageTest"/>
  <testcase name="clickOnJobTab" time="0.57" classname="com.HRM.PagesTestCases.MyInfoPageTest"/>
</testsuite> <!-- HRM Test Cases -->
