<?xml version="1.0" encoding="UTF-8"?>
<!-- Generated by org.testng.reporters.JUnitXMLReporter -->
<testsuite hostname="DESKTOP-33D7QM7" name="Command line test" tests="9" failures="0" timestamp="19 Jan 2021 20:36:53 GMT" time="69.557" errors="0">
  <testcase name="verifyHomePageTitle" time="0.016" classname="com.HRM.PagesTestCases.HomePageTest"/>
  <testcase name="loginPageTitleTest" time="0.011" classname="com.HRM.PagesTestCases.LoginPageTest"/>
  <testcase name="verifyPersonalDetailsLabel" time="0.148" classname="com.HRM.PagesTestCases.MyInfoPageTest"/>
  <testcase name="verifyUserName" time="0.36" classname="com.HRM.PagesTestCases.HomePageTest"/>
  <testcase name="hrmLogoTest" time="0.069" classname="com.HRM.PagesTestCases.LoginPageTest"/>
  <testcase name="editPersonalDetails" time="1.866" classname="com.HRM.PagesTestCases.MyInfoPageTest"/>
  <testcase name="verifyMyInfoLink" time="0.902" classname="com.HRM.PagesTestCases.HomePageTest"/>
  <testcase name="loginTest" time="1.289" classname="com.HRM.PagesTestCases.LoginPageTest"/>
  <testcase name="clickOnJobTab" time="0.649" classname="com.HRM.PagesTestCases.MyInfoPageTest"/>
</testsuite> <!-- Command line test -->
