<?xml version="1.0" encoding="UTF-8" ?>
<testsuite tests="9" failures="0" name="TestSuite" time="5.312" errors="0" skipped="0">
  <properties>
[...]
</properties>
  <testcase classname="com.HRM.PagesTestCases.HomePageTest" name="verifyHomePageTitle" time="0.017"/>
  <testcase classname="com.HRM.PagesTestCases.LoginPageTest" name="loginPageTitleTest" time="0.011"/>
  <testcase classname="com.HRM.PagesTestCases.MyInfoPageTest" name="verifyPersonalDetailsLabel" time="0.148"/>
  <testcase classname="com.HRM.PagesTestCases.HomePageTest" name="verifyUserName" time="0.36"/>
  <testcase classname="com.HRM.PagesTestCases.LoginPageTest" name="hrmLogoTest" time="0.069"/>
  <testcase classname="com.HRM.PagesTestCases.MyInfoPageTest" name="editPersonalDetails" time="1.866"/>
  <testcase classname="com.HRM.PagesTestCases.HomePageTest" name="verifyMyInfoLink" time="0.902"/>
  <testcase classname="com.HRM.PagesTestCases.LoginPageTest" name="loginTest" time="1.29"/>
  <testcase classname="com.HRM.PagesTestCases.MyInfoPageTest" name="clickOnJobTab" time="0.649"/>
</testsuite>